<?xml version="1.0" encoding="UTF-8"?>
<!-- Generated by org.testng.reporters.JUnitReportReporter -->
<testsuite hostname="KARTHICK" name="com.deasliwant.admin.tests.CategoryTests" tests="1" failures="0" timestamp="22 Apr 2021 06:31:31 GMT" time="0.001" errors="1">
  <testcase name="verifyCategoryListing" time="0.001" classname="com.deasliwant.admin.tests.CategoryTests">
    <error type="org.openqa.selenium.WebDriverException" message="unknown error: cannot find Chrome binary
Build info: version: &#039;3.141.59&#039;, revision: &#039;e82be7d358&#039;, time: &#039;2018-11-14T08:17:03&#039;
System info: host: &#039;KARTHICK&#039;, ip: &#039;192.168.1.4&#039;, os.name: &#039;Windows 8.1&#039;, os.arch: &#039;amd64&#039;, os.version: &#039;6.3&#039;, java.version: &#039;1.8.0_271&#039;
Driver info: driver.version: ChromeDriver
remote stacktrace: Backtrace:
	Ordinal0 [0x005487E3+2852835]
	Ordinal0 [0x00435BB1+1727409]
	Ordinal0 [0x0030E4B9+517305]
	Ordinal0 [0x0029CA98+51864]
	Ordinal0 [0x002BD9F7+186871]
	Ordinal0 [0x002BD7FD+186365]
	Ordinal0 [0x002BB70B+177931]
	Ordinal0 [0x002A2584+75140]
	Ordinal0 [0x002A3650+79440]
	Ordinal0 [0x002A35E9+79337]
	Ordinal0 [0x0044AD5C+1813852]
	GetHandleVerifier [0x0066C616+1075574]
	GetHandleVerifier [0x0066C367+1074887]
	GetHandleVerifier [0x00677497+1120247]
	GetHandleVerifier [0x0066CC16+1077110]
	Ordinal0 [0x00443206+1782278]
	Ordinal0 [0x0044C3BB+1819579]
	Ordinal0 [0x0044C523+1819939]
	Ordinal0 [0x00462B45+1911621]
	BaseThreadInitThunk [0x758A7C04+36]
	RtlInitializeExceptionChain [0x77D1B90F+143]
	RtlInitializeExceptionChain [0x77D1B8DA+90]
">
      <![CDATA[org.openqa.selenium.WebDriverException: unknown error: cannot find Chrome binary
Build info: version: '3.141.59', revision: 'e82be7d358', time: '2018-11-14T08:17:03'
System info: host: 'KARTHICK', ip: '192.168.1.4', os.name: 'Windows 8.1', os.arch: 'amd64', os.version: '6.3', java.version: '1.8.0_271'
Driver info: driver.version: ChromeDriver
remote stacktrace: Backtrace:
	Ordinal0 [0x005487E3+2852835]
	Ordinal0 [0x00435BB1+1727409]
	Ordinal0 [0x0030E4B9+517305]
	Ordinal0 [0x0029CA98+51864]
	Ordinal0 [0x002BD9F7+186871]
	Ordinal0 [0x002BD7FD+186365]
	Ordinal0 [0x002BB70B+177931]
	Ordinal0 [0x002A2584+75140]
	Ordinal0 [0x002A3650+79440]
	Ordinal0 [0x002A35E9+79337]
	Ordinal0 [0x0044AD5C+1813852]
	GetHandleVerifier [0x0066C616+1075574]
	GetHandleVerifier [0x0066C367+1074887]
	GetHandleVerifier [0x00677497+1120247]
	GetHandleVerifier [0x0066CC16+1077110]
	Ordinal0 [0x00443206+1782278]
	Ordinal0 [0x0044C3BB+1819579]
	Ordinal0 [0x0044C523+1819939]
	Ordinal0 [0x00462B45+1911621]
	BaseThreadInitThunk [0x758A7C04+36]
	RtlInitializeExceptionChain [0x77D1B90F+143]
	RtlInitializeExceptionChain [0x77D1B8DA+90]

	at sun.reflect.NativeConstructorAccessorImpl.newInstance0(Native Method)
	at sun.reflect.NativeConstructorAccessorImpl.newInstance(Unknown Source)
	at sun.reflect.DelegatingConstructorAccessorImpl.newInstance(Unknown Source)
	at java.lang.reflect.Constructor.newInstance(Unknown Source)
	at org.openqa.selenium.remote.W3CHandshakeResponse.lambda$errorHandler$0(W3CHandshakeResponse.java:62)
	at org.openqa.selenium.remote.HandshakeResponse.lambda$getResponseFunction$0(HandshakeResponse.java:30)
	at org.openqa.selenium.remote.ProtocolHandshake.lambda$createSession$0(ProtocolHandshake.java:126)
	at java.util.stream.ReferencePipeline$3$1.accept(Unknown Source)
	at java.util.Spliterators$ArraySpliterator.tryAdvance(Unknown Source)
	at java.util.stream.ReferencePipeline.forEachWithCancel(Unknown Source)
	at java.util.stream.AbstractPipeline.copyIntoWithCancel(Unknown Source)
	at java.util.stream.AbstractPipeline.copyInto(Unknown Source)
	at java.util.stream.AbstractPipeline.wrapAndCopyInto(Unknown Source)
	at java.util.stream.FindOps$FindOp.evaluateSequential(Unknown Source)
	at java.util.stream.AbstractPipeline.evaluate(Unknown Source)
	at java.util.stream.ReferencePipeline.findFirst(Unknown Source)
	at org.openqa.selenium.remote.ProtocolHandshake.createSession(ProtocolHandshake.java:128)
	at org.openqa.selenium.remote.ProtocolHandshake.createSession(ProtocolHandshake.java:74)
	at org.openqa.selenium.remote.HttpCommandExecutor.execute(HttpCommandExecutor.java:136)
	at org.openqa.selenium.remote.service.DriverCommandExecutor.execute(DriverCommandExecutor.java:83)
	at org.openqa.selenium.remote.RemoteWebDriver.execute(RemoteWebDriver.java:552)
	at org.openqa.selenium.remote.RemoteWebDriver.startSession(RemoteWebDriver.java:213)
	at org.openqa.selenium.remote.RemoteWebDriver.<init>(RemoteWebDriver.java:131)
	at org.openqa.selenium.chrome.ChromeDriver.<init>(ChromeDriver.java:181)
	at org.openqa.selenium.chrome.ChromeDriver.<init>(ChromeDriver.java:168)
	at org.openqa.selenium.chrome.ChromeDriver.<init>(ChromeDriver.java:123)
	at com.dealsiwant.utils.BaseTest.setup(BaseTest.java:92)
	at sun.reflect.NativeMethodAccessorImpl.invoke0(Native Method)
	at sun.reflect.NativeMethodAccessorImpl.invoke(Unknown Source)
	at sun.reflect.DelegatingMethodAccessorImpl.invoke(Unknown Source)
	at java.lang.reflect.Method.invoke(Unknown Source)
	at org.testng.internal.MethodInvocationHelper.invokeMethod(MethodInvocationHelper.java:86)
	at org.testng.internal.Invoker.invokeConfigurationMethod(Invoker.java:514)
	at org.testng.internal.Invoker.invokeConfigurations(Invoker.java:215)
	at org.testng.internal.Invoker.invokeConfigurations(Invoker.java:142)
	at org.testng.TestRunner.beforeRun(TestRunner.java:656)
	at org.testng.TestRunner.run(TestRunner.java:624)
	at org.testng.SuiteRunner.runTest(SuiteRunner.java:366)
	at org.testng.SuiteRunner.runSequentially(SuiteRunner.java:361)
	at org.testng.SuiteRunner.privateRun(SuiteRunner.java:319)
	at org.testng.SuiteRunner.run(SuiteRunner.java:268)
	at org.testng.SuiteRunnerWorker.runSuite(SuiteRunnerWorker.java:52)
	at org.testng.SuiteRunnerWorker.run(SuiteRunnerWorker.java:86)
	at org.testng.TestNG.runSuitesSequentially(TestNG.java:1244)
	at org.testng.TestNG.runSuitesLocally(TestNG.java:1169)
	at org.testng.TestNG.run(TestNG.java:1064)
	at org.testng.remote.AbstractRemoteTestNG.run(AbstractRemoteTestNG.java:132)
	at org.testng.remote.RemoteTestNG.initAndRun(RemoteTestNG.java:236)
	at org.testng.remote.RemoteTestNG.main(RemoteTestNG.java:81)
]]>
    </error>
  </testcase> <!-- verifyCategoryListing -->
</testsuite> <!-- com.deasliwant.admin.tests.CategoryTests -->
